Looking for a CUDA compiler failed with the following output:
-- The CUDA compiler identification is unknown
CMake Error at CMakeLists.txt:2 (project):
  No CMAKE_CUDA_COMPILER could be found.

  Tell CMake where to find the compiler by setting either the environment
  variable "CUDACXX" or the CMake cache entry CMAKE_CUDA_COMPILER to the full
  path to the compiler, or to the compiler name if it is in the PATH.


-- Configuring incomplete, errors occurred!
See also "/home/ilc/darknet/build_release/CMakeFiles/CheckCUDA/CMakeFiles/CMakeOutput.log".
See also "/home/ilc/darknet/build_release/CMakeFiles/CheckCUDA/CMakeFiles/CMakeError.log".

Determining if the pthread_create exist failed with the following output:
Change Dir: /home/ilc/darknet/build_release/CMakeFiles/CMakeTmp

Run Build Command:"/usr/bin/make" "cmTC_2c793/fast"
/usr/bin/make -f CMakeFiles/cmTC_2c793.dir/build.make CMakeFiles/cmTC_2c793.dir/build
make[1]: Entering directory '/home/ilc/darknet/build_release/CMakeFiles/CMakeTmp'
Building C object CMakeFiles/cmTC_2c793.dir/CheckSymbolExists.c.o
/usr/bin/cc    -o CMakeFiles/cmTC_2c793.dir/CheckSymbolExists.c.o   -c /home/ilc/darknet/build_release/CMakeFiles/CMakeTmp/CheckSymbolExists.c
Linking C executable cmTC_2c793
/usr/local/bin/cmake -E cmake_link_script CMakeFiles/cmTC_2c793.dir/link.txt --verbose=1
/usr/bin/cc      CMakeFiles/cmTC_2c793.dir/CheckSymbolExists.c.o  -o cmTC_2c793 
CMakeFiles/cmTC_2c793.dir/CheckSymbolExists.c.o: In function `main':
CheckSymbolExists.c:(.text+0x1b): undefined reference to `pthread_create'
collect2: error: ld returned 1 exit status
CMakeFiles/cmTC_2c793.dir/build.make:86: recipe for target 'cmTC_2c793' failed
make[1]: *** [cmTC_2c793] Error 1
make[1]: Leaving directory '/home/ilc/darknet/build_release/CMakeFiles/CMakeTmp'
Makefile:121: recipe for target 'cmTC_2c793/fast' failed
make: *** [cmTC_2c793/fast] Error 2

File /home/ilc/darknet/build_release/CMakeFiles/CMakeTmp/CheckSymbolExists.c:
/* */
#include <pthread.h>

int main(int argc, char** argv)
{
  (void)argv;
#ifndef pthread_create
  return ((int*)(&pthread_create))[argc];
#else
  (void)argc;
  return 0;
#endif
}

Determining if the function pthread_create exists in the pthreads failed with the following output:
Change Dir: /home/ilc/darknet/build_release/CMakeFiles/CMakeTmp

Run Build Command:"/usr/bin/make" "cmTC_7b7cb/fast"
/usr/bin/make -f CMakeFiles/cmTC_7b7cb.dir/build.make CMakeFiles/cmTC_7b7cb.dir/build
make[1]: Entering directory '/home/ilc/darknet/build_release/CMakeFiles/CMakeTmp'
Building C object CMakeFiles/cmTC_7b7cb.dir/CheckFunctionExists.c.o
/usr/bin/cc   -DCHECK_FUNCTION_EXISTS=pthread_create   -o CMakeFiles/cmTC_7b7cb.dir/CheckFunctionExists.c.o   -c /usr/local/share/cmake-3.12/Modules/CheckFunctionExists.c
Linking C executable cmTC_7b7cb
/usr/local/bin/cmake -E cmake_link_script CMakeFiles/cmTC_7b7cb.dir/link.txt --verbose=1
/usr/bin/cc  -DCHECK_FUNCTION_EXISTS=pthread_create    CMakeFiles/cmTC_7b7cb.dir/CheckFunctionExists.c.o  -o cmTC_7b7cb -lpthreads 
/usr/bin/ld: cannot find -lpthreads
collect2: error: ld returned 1 exit status
CMakeFiles/cmTC_7b7cb.dir/build.make:86: recipe for target 'cmTC_7b7cb' failed
make[1]: *** [cmTC_7b7cb] Error 1
make[1]: Leaving directory '/home/ilc/darknet/build_release/CMakeFiles/CMakeTmp'
Makefile:121: recipe for target 'cmTC_7b7cb/fast' failed
make: *** [cmTC_7b7cb/fast] Error 2


